11-01-2024 21:16:31 [INFO] Main - Log file data has been cleared
11-01-2024 21:16:37 [DEBUG] CurrencyList - Initializing CurrencyList class
11-01-2024 21:16:37 [INFO] CurrencyList - Reading: src/cache/currency_list_cache.json
11-01-2024 21:16:37 [INFO] CurrencyList - Sucesfully created list of supported currencies
11-01-2024 21:17:25 [INFO] ApiClient - Connecting to server by request: https://api.coingecko.com/api/v3/coins/markets?vs_currency=aed&order=market_cap_desc&per_page=100&page=1&sparkline=false&locale=pl&precision=6
11-01-2024 21:17:26 [DEBUG] ApiClient - Response code: 200
11-01-2024 21:17:26 [INFO] ApiClient - Connection established
11-01-2024 21:17:26 [INFO] ApiClient - Data fetched and saved to cache: src/cache/market_list_cache.json
11-01-2024 21:17:26 [DEBUG] MarketData - Initializing MarketData for identifier: btc
11-01-2024 21:17:26 [INFO] MarketDataList - Reading: src/cache/market_list_cache.json
11-01-2024 21:17:26 [INFO] MarketDataList - Successfully created list of MarketData objects
11-01-2024 21:17:26 [INFO] MarketData - Market for identifier:btc found
11-01-2024 21:17:26 [DEBUG] MarketDataCache - Initializing new MarketData object for key: btc_aed_true
11-01-2024 21:17:26 [INFO] CoinDataSceneController - Selected currency before loading: aed
11-01-2024 21:17:26 [INFO] ApiClient - Connecting to server by request: https://api.coingecko.com/api/v3/coins/bitcoin/market_chart?vs_currency=aed&days=1
11-01-2024 21:17:26 [DEBUG] ApiClient - Response code: 200
11-01-2024 21:17:26 [INFO] ApiClient - Connection established
11-01-2024 21:17:26 [INFO] ApiClient - Data fetched and saved to cache: src/cache/market_chart_cache.json
11-01-2024 21:17:26 [DEBUG] MarketDataPoint - Initializing market chart for identifier: bitcoin
11-01-2024 21:17:26 [INFO] MarketDataSeries - Reading: src/cache/market_chart_cache.json
11-01-2024 21:17:26 [INFO] MarketDataSeries - Successfully created chart points list
11-01-2024 21:17:26 [DEBUG] CoinDataSceneController - Initializing chart for market: bitcoin
11-01-2024 21:17:26 [INFO] HistoryManager - History added for market: Bitcoin
11-01-2024 21:17:26 [INFO] HistoryManager - History added for market: Bitcoin
11-01-2024 21:19:30 [INFO] ApiClient - Connecting to server by request: https://api.coingecko.com/api/v3/coins/markets?vs_currency=aed&order=market_cap_desc&per_page=100&page=1&sparkline=false&locale=pl&precision=6
11-01-2024 21:19:31 [DEBUG] ApiClient - Response code: 200
11-01-2024 21:19:31 [INFO] ApiClient - Connection established
11-01-2024 21:19:31 [INFO] ApiClient - Data fetched and saved to cache: src/cache/market_list_cache.json
11-01-2024 21:19:31 [DEBUG] MarketData - Initializing MarketData for identifier: btc
11-01-2024 21:19:31 [INFO] MarketDataList - Reading: src/cache/market_list_cache.json
11-01-2024 21:19:31 [INFO] MarketDataList - Successfully created list of MarketData objects
11-01-2024 21:19:31 [INFO] MarketData - Market for identifier:btc found
11-01-2024 21:19:31 [INFO] ApiClient - Connecting to server by request: https://api.coingecko.com/api/v3/coins/bitcoin/market_chart?vs_currency=aed&days=1
11-01-2024 21:19:31 [DEBUG] ApiClient - Response code: 200
11-01-2024 21:19:31 [INFO] ApiClient - Connection established
11-01-2024 21:19:31 [INFO] ApiClient - Data fetched and saved to cache: src/cache/market_chart_cache.json
11-01-2024 21:19:31 [DEBUG] MarketDataPoint - Initializing market chart for identifier: bitcoin
11-01-2024 21:19:31 [INFO] MarketDataSeries - Reading: src/cache/market_chart_cache.json
11-01-2024 21:19:31 [INFO] MarketDataSeries - Successfully created chart points list
11-01-2024 21:19:31 [DEBUG] CoinDataSceneController - Initializing chart for market: bitcoin
11-01-2024 21:19:31 [INFO] HistoryManager - History added for market: Bitcoin
11-01-2024 21:19:42 [DEBUG] CurrencyList - Initializing CurrencyList class
11-01-2024 21:19:42 [INFO] CurrencyList - Reading: src/cache/currency_list_cache.json
11-01-2024 21:19:42 [INFO] CurrencyList - Sucesfully created list of supported currencies
11-01-2024 21:19:42 [DEBUG] MarketDataCache - Deleting entry from cache corresponding with key: btc_aed_true
11-01-2024 21:20:45 [INFO] ApiClient - Connecting to server by request: https://api.coingecko.com/api/v3/coins/markets?vs_currency=usd&order=market_cap_desc&per_page=100&page=1&sparkline=false&locale=pl&precision=6
11-01-2024 21:20:45 [DEBUG] ApiClient - Response code: 200
11-01-2024 21:20:45 [INFO] ApiClient - Connection established
11-01-2024 21:20:45 [INFO] ApiClient - Data fetched and saved to cache: src/cache/market_list_cache.json
11-01-2024 21:20:45 [DEBUG] MarketData - Initializing MarketData for identifier: eth
11-01-2024 21:20:45 [INFO] MarketDataList - Reading: src/cache/market_list_cache.json
11-01-2024 21:20:45 [INFO] MarketDataList - Successfully created list of MarketData objects
11-01-2024 21:20:45 [INFO] MarketData - Market for identifier:eth found
11-01-2024 21:20:45 [DEBUG] MarketDataCache - Initializing new MarketData object for key: eth_usd_true
11-01-2024 21:20:45 [INFO] CoinDataSceneController - Selected currency before loading: usd
11-01-2024 21:20:45 [INFO] ApiClient - Connecting to server by request: https://api.coingecko.com/api/v3/coins/ethereum/market_chart?vs_currency=usd&days=1
11-01-2024 21:20:45 [DEBUG] ApiClient - Response code: 200
11-01-2024 21:20:45 [INFO] ApiClient - Connection established
11-01-2024 21:20:45 [INFO] ApiClient - Data fetched and saved to cache: src/cache/market_chart_cache.json
11-01-2024 21:20:45 [DEBUG] MarketDataPoint - Initializing market chart for identifier: ethereum
11-01-2024 21:20:45 [INFO] MarketDataSeries - Reading: src/cache/market_chart_cache.json
11-01-2024 21:20:45 [INFO] MarketDataSeries - Successfully created chart points list
11-01-2024 21:20:45 [DEBUG] CoinDataSceneController - Initializing chart for market: ethereum
11-01-2024 21:20:45 [INFO] HistoryManager - History added for market: Ethereum
11-01-2024 21:20:45 [INFO] HistoryManager - History added for market: Ethereum
11-01-2024 21:20:47 [DEBUG] CurrencyList - Initializing CurrencyList class
11-01-2024 21:20:47 [INFO] CurrencyList - Reading: src/cache/currency_list_cache.json
11-01-2024 21:20:47 [INFO] CurrencyList - Sucesfully created list of supported currencies
11-01-2024 21:20:47 [DEBUG] MarketDataCache - Deleting entry from cache corresponding with key: eth_usd_true
